# JRE version: OpenJDK Runtime Environment Temurin-21.0.7+6 (21.0.7+6) (build 21.0.7+6-LTS)
# Java VM: OpenJDK 64-Bit Server VM Temurin-21.0.7+6 (21.0.7+6-LTS, mixed mode, sharing, tiered, compressed oops, compressed class ptrs, parallel gc, windows-amd64)
GC Precious Log:
 CardTable entry size: 512
 CPUs: 12 total, 12 available
 Memory: 16163M
 Large Page Support: Disabled
 NUMA Support: Disabled
 Compressed Oops: Enabled (32-bit)
 Alignments: Space 512K, Generation 512K, Heap 2M
 Heap Min Capacity: 100M
 Heap Initial Capacity: 100M
 Heap Max Capacity: 1G
 Pre-touch: Disabled
 Parallel Workers: 10
Heap:
 PSYoungGen      total 7168K, used 3646K [0x00000000eab00000, 0x00000000eb700000, 0x0000000100000000)
  eden space 6144K, 42% used [0x00000000eab00000,0x00000000ead92ab8,0x00000000eb100000)
  from space 1024K, 99% used [0x00000000eb100000,0x00000000eb1fe078,0x00000000eb200000)
  to   space 2560K, 0% used [0x00000000eb480000,0x00000000eb480000,0x00000000eb700000)
 ParOldGen       total 210432K, used 210003K [0x00000000c0000000, 0x00000000ccd80000, 0x00000000eab00000)
  object space 210432K, 99% used [0x00000000c0000000,0x00000000ccd14cb8,0x00000000ccd80000)
 Metaspace       used 60498K, committed 61824K, reserved 1114112K
  class space    used 6222K, committed 6784K, reserved 1048576K
GC Heap History (20 events):
Event: 16.306 GC heap after
{Heap after GC invocations=143 (full 3):
 PSYoungGen      total 7168K, used 1304K [0x00000000eab00000, 0x00000000eb380000, 0x0000000100000000)
  eden space 5120K, 0% used [0x00000000eab00000,0x00000000eab00000,0x00000000eb000000)
  from space 2048K, 63% used [0x00000000eb180000,0x00000000eb2c6000,0x00000000eb380000)
  to   space 1536K, 0% used [0x00000000eb000000,0x00000000eb000000,0x00000000eb180000)
 ParOldGen       total 196096K, used 195740K [0x00000000c0000000, 0x00000000cbf80000, 0x00000000eab00000)
  object space 196096K, 99% used [0x00000000c0000000,0x00000000cbf27088,0x00000000cbf80000)
 Metaspace       used 59604K, committed 60928K, reserved 1114112K
  class space    used 6161K, committed 6720K, reserved 1048576K
}
Event: 16.323 GC heap before
{Heap before GC invocations=144 (full 3):
 PSYoungGen      total 7168K, used 6424K [0x00000000eab00000, 0x00000000eb380000, 0x0000000100000000)
  eden space 5120K, 100% used [0x00000000eab00000,0x00000000eb000000,0x00000000eb000000)
  from space 2048K, 63% used [0x00000000eb180000,0x00000000eb2c6000,0x00000000eb380000)
  to   space 1536K, 0% used [0x00000000eb000000,0x00000000eb000000,0x00000000eb180000)
 ParOldGen       total 196096K, used 195740K [0x00000000c0000000, 0x00000000cbf80000, 0x00000000eab00000)
  object space 196096K, 99% used [0x00000000c0000000,0x00000000cbf27088,0x00000000cbf80000)
 Metaspace       used 59628K, committed 60928K, reserved 1114112K
  class space    used 6162K, committed 6720K, reserved 1048576K
}
Event: 16.326 GC heap after
{Heap after GC invocations=144 (full 3):
 PSYoungGen      total 6656K, used 1301K [0x00000000eab00000, 0x00000000eb300000, 0x0000000100000000)
  eden space 5120K, 0% used [0x00000000eab00000,0x00000000eab00000,0x00000000eb000000)
  from space 1536K, 84% used [0x00000000eb000000,0x00000000eb145668,0x00000000eb180000)
  to   space 1536K, 0% used [0x00000000eb180000,0x00000000eb180000,0x00000000eb300000)
 ParOldGen       total 197120K, used 196728K [0x00000000c0000000, 0x00000000cc080000, 0x00000000eab00000)
  object space 197120K, 99% used [0x00000000c0000000,0x00000000cc01e280,0x00000000cc080000)
 Metaspace       used 59628K, committed 60928K, reserved 1114112K
  class space    used 6162K, committed 6720K, reserved 1048576K
}
Event: 16.340 GC heap before
{Heap before GC invocations=145 (full 3):
 PSYoungGen      total 6656K, used 6421K [0x00000000eab00000, 0x00000000eb300000, 0x0000000100000000)
  eden space 5120K, 100% used [0x00000000eab00000,0x00000000eb000000,0x00000000eb000000)
  from space 1536K, 84% used [0x00000000eb000000,0x00000000eb145668,0x00000000eb180000)
  to   space 1536K, 0% used [0x00000000eb180000,0x00000000eb180000,0x00000000eb300000)
 ParOldGen       total 197120K, used 196728K [0x00000000c0000000, 0x00000000cc080000, 0x00000000eab00000)
  object space 197120K, 99% used [0x00000000c0000000,0x00000000cc01e280,0x00000000cc080000)
 Metaspace       used 59641K, committed 60992K, reserved 1114112K
  class space    used 6162K, committed 6720K, reserved 1048576K
}
Event: 16.343 GC heap after
{Heap after GC invocations=145 (full 3):
 PSYoungGen      total 6656K, used 1267K [0x00000000eab00000, 0x00000000eb300000, 0x0000000100000000)
  eden space 5120K, 0% used [0x00000000eab00000,0x00000000eab00000,0x00000000eb000000)
  from space 1536K, 82% used [0x00000000eb180000,0x00000000eb2bcf60,0x00000000eb300000)
  to   space 1536K, 0% used [0x00000000eb000000,0x00000000eb000000,0x00000000eb180000)
 ParOldGen       total 198144K, used 197922K [0x00000000c0000000, 0x00000000cc180000, 0x00000000eab00000)
  object space 198144K, 99% used [0x00000000c0000000,0x00000000cc1488b8,0x00000000cc180000)
 Metaspace       used 59641K, committed 60992K, reserved 1114112K
  class space    used 6162K, committed 6720K, reserved 1048576K
}
Event: 16.399 GC heap before
{Heap before GC invocations=146 (full 3):
 PSYoungGen      total 6656K, used 6387K [0x00000000eab00000, 0x00000000eb300000, 0x0000000100000000)
  eden space 5120K, 100% used [0x00000000eab00000,0x00000000eb000000,0x00000000eb000000)
  from space 1536K, 82% used [0x00000000eb180000,0x00000000eb2bcf60,0x00000000eb300000)
  to   space 1536K, 0% used [0x00000000eb000000,0x00000000eb000000,0x00000000eb180000)
 ParOldGen       total 198144K, used 197922K [0x00000000c0000000, 0x00000000cc180000, 0x00000000eab00000)
  object space 198144K, 99% used [0x00000000c0000000,0x00000000cc1488b8,0x00000000cc180000)
 Metaspace       used 59768K, committed 61120K, reserved 1114112K
  class space    used 6167K, committed 6720K, reserved 1048576K
}
Event: 16.401 GC heap after
{Heap after GC invocations=146 (full 3):
 PSYoungGen      total 6656K, used 1412K [0x00000000eab00000, 0x00000000eb300000, 0x0000000100000000)
  eden space 5120K, 0% used [0x00000000eab00000,0x00000000eab00000,0x00000000eb000000)
  from space 1536K, 91% used [0x00000000eb000000,0x00000000eb161150,0x00000000eb180000)
  to   space 1536K, 0% used [0x00000000eb180000,0x00000000eb180000,0x00000000eb300000)
 ParOldGen       total 199168K, used 198990K [0x00000000c0000000, 0x00000000cc280000, 0x00000000eab00000)
  object space 199168K, 99% used [0x00000000c0000000,0x00000000cc253820,0x00000000cc280000)
 Metaspace       used 59768K, committed 61120K, reserved 1114112K
  class space    used 6167K, committed 6720K, reserved 1048576K
}
Event: 16.439 GC heap before
{Heap before GC invocations=147 (full 3):
 PSYoungGen      total 6656K, used 6532K [0x00000000eab00000, 0x00000000eb300000, 0x0000000100000000)
  eden space 5120K, 100% used [0x00000000eab00000,0x00000000eb000000,0x00000000eb000000)
  from space 1536K, 91% used [0x00000000eb000000,0x00000000eb161150,0x00000000eb180000)
  to   space 1536K, 0% used [0x00000000eb180000,0x00000000eb180000,0x00000000eb300000)
 ParOldGen       total 199168K, used 198990K [0x00000000c0000000, 0x00000000cc280000, 0x00000000eab00000)
  object space 199168K, 99% used [0x00000000c0000000,0x00000000cc253820,0x00000000cc280000)
 Metaspace       used 59894K, committed 61248K, reserved 1114112K
  class space    used 6179K, committed 6720K, reserved 1048576K
}
Event: 16.442 GC heap after
{Heap after GC invocations=147 (full 3):
 PSYoungGen      total 6656K, used 1202K [0x00000000eab00000, 0x00000000eb300000, 0x0000000100000000)
  eden space 5120K, 0% used [0x00000000eab00000,0x00000000eab00000,0x00000000eb000000)
  from space 1536K, 78% used [0x00000000eb180000,0x00000000eb2ac8a0,0x00000000eb300000)
  to   space 1536K, 0% used [0x00000000eb000000,0x00000000eb000000,0x00000000eb180000)
 ParOldGen       total 200704K, used 200257K [0x00000000c0000000, 0x00000000cc400000, 0x00000000eab00000)
  object space 200704K, 99% used [0x00000000c0000000,0x00000000cc3905f0,0x00000000cc400000)
 Metaspace       used 59894K, committed 61248K, reserved 1114112K
  class space    used 6179K, committed 6720K, reserved 1048576K
}
Event: 16.474 GC heap before
{Heap before GC invocations=148 (full 3):
 PSYoungGen      total 6656K, used 6322K [0x00000000eab00000, 0x00000000eb300000, 0x0000000100000000)
  eden space 5120K, 100% used [0x00000000eab00000,0x00000000eb000000,0x00000000eb000000)
  from space 1536K, 78% used [0x00000000eb180000,0x00000000eb2ac8a0,0x00000000eb300000)
  to   space 1536K, 0% used [0x00000000eb000000,0x00000000eb000000,0x00000000eb180000)
 ParOldGen       total 200704K, used 200257K [0x00000000c0000000, 0x00000000cc400000, 0x00000000eab00000)
  object space 200704K, 99% used [0x00000000c0000000,0x00000000cc3905f0,0x00000000cc400000)
 Metaspace       used 60135K, committed 61440K, reserved 1114112K
  class space    used 6203K, committed 6720K, reserved 1048576K
}
Event: 16.476 GC heap after
{Heap after GC invocations=148 (full 3):
 PSYoungGen      total 6656K, used 1276K [0x00000000eab00000, 0x00000000eb300000, 0x0000000100000000)
  eden space 5120K, 0% used [0x00000000eab00000,0x00000000eab00000,0x00000000eb000000)
  from space 1536K, 83% used [0x00000000eb000000,0x00000000eb13f110,0x00000000eb180000)
  to   space 1536K, 0% used [0x00000000eb180000,0x00000000eb180000,0x00000000eb300000)
 ParOldGen       total 201728K, used 201317K [0x00000000c0000000, 0x00000000cc500000, 0x00000000eab00000)
  object space 201728K, 99% used [0x00000000c0000000,0x00000000cc4995f0,0x00000000cc500000)
 Metaspace       used 60135K, committed 61440K, reserved 1114112K
  class space    used 6203K, committed 6720K, reserved 1048576K
}
Event: 16.507 GC heap before
{Heap before GC invocations=149 (full 3):
 PSYoungGen      total 6656K, used 6396K [0x00000000eab00000, 0x00000000eb300000, 0x0000000100000000)
  eden space 5120K, 100% used [0x00000000eab00000,0x00000000eb000000,0x00000000eb000000)
  from space 1536K, 83% used [0x00000000eb000000,0x00000000eb13f110,0x00000000eb180000)
  to   space 1536K, 0% used [0x00000000eb180000,0x00000000eb180000,0x00000000eb300000)
 ParOldGen       total 201728K, used 201317K [0x00000000c0000000, 0x00000000cc500000, 0x00000000eab00000)
  object space 201728K, 99% used [0x00000000c0000000,0x00000000cc4995f0,0x00000000cc500000)
 Metaspace       used 60209K, committed 61568K, reserved 1114112K
  class space    used 6210K, committed 6784K, reserved 1048576K
}
Event: 16.509 GC heap after
{Heap after GC invocations=149 (full 3):
 PSYoungGen      total 6656K, used 1307K [0x00000000eab00000, 0x00000000eb300000, 0x0000000100000000)
  eden space 5120K, 0% used [0x00000000eab00000,0x00000000eab00000,0x00000000eb000000)
  from space 1536K, 85% used [0x00000000eb180000,0x00000000eb2c6cf8,0x00000000eb300000)
  to   space 1536K, 0% used [0x00000000eb000000,0x00000000eb000000,0x00000000eb180000)
 ParOldGen       total 202752K, used 202419K [0x00000000c0000000, 0x00000000cc600000, 0x00000000eab00000)
  object space 202752K, 99% used [0x00000000c0000000,0x00000000cc5acdf0,0x00000000cc600000)
 Metaspace       used 60209K, committed 61568K, reserved 1114112K
  class space    used 6210K, committed 6784K, reserved 1048576K
}
Event: 16.532 GC heap before
{Heap before GC invocations=150 (full 3):
 PSYoungGen      total 6656K, used 6427K [0x00000000eab00000, 0x00000000eb300000, 0x0000000100000000)
  eden space 5120K, 100% used [0x00000000eab00000,0x00000000eb000000,0x00000000eb000000)
  from space 1536K, 85% used [0x00000000eb180000,0x00000000eb2c6cf8,0x00000000eb300000)
  to   space 1536K, 0% used [0x00000000eb000000,0x00000000eb000000,0x00000000eb180000)
 ParOldGen       total 202752K, used 202419K [0x00000000c0000000, 0x00000000cc600000, 0x00000000eab00000)
  object space 202752K, 99% used [0x00000000c0000000,0x00000000cc5acdf0,0x00000000cc600000)
 Metaspace       used 60219K, committed 61568K, reserved 1114112K
  class space    used 6210K, committed 6784K, reserved 1048576K
}
Event: 16.534 GC heap after
{Heap after GC invocations=150 (full 3):
 PSYoungGen      total 6656K, used 1206K [0x00000000eab00000, 0x00000000eb300000, 0x0000000100000000)
  eden space 5120K, 0% used [0x00000000eab00000,0x00000000eab00000,0x00000000eb000000)
  from space 1536K, 78% used [0x00000000eb000000,0x00000000eb12dbb0,0x00000000eb180000)
  to   space 1536K, 0% used [0x00000000eb180000,0x00000000eb180000,0x00000000eb300000)
 ParOldGen       total 203776K, used 203503K [0x00000000c0000000, 0x00000000cc700000, 0x00000000eab00000)
  object space 203776K, 99% used [0x00000000c0000000,0x00000000cc6bbde8,0x00000000cc700000)
 Metaspace       used 60219K, committed 61568K, reserved 1114112K
  class space    used 6210K, committed 6784K, reserved 1048576K
}
Event: 16.559 GC heap before
{Heap before GC invocations=151 (full 3):
 PSYoungGen      total 6656K, used 6326K [0x00000000eab00000, 0x00000000eb300000, 0x0000000100000000)
  eden space 5120K, 100% used [0x00000000eab00000,0x00000000eb000000,0x00000000eb000000)
  from space 1536K, 78% used [0x00000000eb000000,0x00000000eb12dbb0,0x00000000eb180000)
  to   space 1536K, 0% used [0x00000000eb180000,0x00000000eb180000,0x00000000eb300000)
 ParOldGen       total 203776K, used 203503K [0x00000000c0000000, 0x00000000cc700000, 0x00000000eab00000)
  object space 203776K, 99% used [0x00000000c0000000,0x00000000cc6bbde8,0x00000000cc700000)
 Metaspace       used 60233K, committed 61568K, reserved 1114112K
  class space    used 6210K, committed 6784K, reserved 1048576K
}
Event: 16.563 GC heap after
{Heap after GC invocations=151 (full 3):
 PSYoungGen      total 6144K, used 1506K [0x00000000eab00000, 0x00000000eb400000, 0x0000000100000000)
  eden space 4608K, 0% used [0x00000000eab00000,0x00000000eab00000,0x00000000eaf80000)
  from space 1536K, 98% used [0x00000000eb180000,0x00000000eb2f8b10,0x00000000eb300000)
  to   space 2048K, 0% used [0x00000000eaf80000,0x00000000eaf80000,0x00000000eb180000)
 ParOldGen       total 204800K, used 204559K [0x00000000c0000000, 0x00000000cc800000, 0x00000000eab00000)
  object space 204800K, 99% used [0x00000000c0000000,0x00000000cc7c3c50,0x00000000cc800000)
 Metaspace       used 60233K, committed 61568K, reserved 1114112K
  class space    used 6210K, committed 6784K, reserved 1048576K
}
Event: 16.588 GC heap before
{Heap before GC invocations=152 (full 3):
 PSYoungGen      total 6144K, used 6114K [0x00000000eab00000, 0x00000000eb400000, 0x0000000100000000)
  eden space 4608K, 100% used [0x00000000eab00000,0x00000000eaf80000,0x00000000eaf80000)
  from space 1536K, 98% used [0x00000000eb180000,0x00000000eb2f8b10,0x00000000eb300000)
  to   space 2048K, 0% used [0x00000000eaf80000,0x00000000eaf80000,0x00000000eb180000)
 ParOldGen       total 204800K, used 204559K [0x00000000c0000000, 0x00000000cc800000, 0x00000000eab00000)
  object space 204800K, 99% used [0x00000000c0000000,0x00000000cc7c3c50,0x00000000cc800000)
 Metaspace       used 60242K, committed 61568K, reserved 1114112K
  class space    used 6210K, committed 6784K, reserved 1048576K
}
Event: 16.592 GC heap after
{Heap after GC invocations=152 (full 3):
 PSYoungGen      total 6144K, used 1247K [0x00000000eab00000, 0x00000000eb280000, 0x0000000100000000)
  eden space 4608K, 0% used [0x00000000eab00000,0x00000000eab00000,0x00000000eaf80000)
  from space 1536K, 81% used [0x00000000eaf80000,0x00000000eb0b7fb8,0x00000000eb100000)
  to   space 1536K, 0% used [0x00000000eb100000,0x00000000eb100000,0x00000000eb280000)
 ParOldGen       total 206336K, used 205853K [0x00000000c0000000, 0x00000000cc980000, 0x00000000eab00000)
  object space 206336K, 99% used [0x00000000c0000000,0x00000000cc907448,0x00000000cc980000)
 Metaspace       used 60242K, committed 61568K, reserved 1114112K
  class space    used 6210K, committed 6784K, reserved 1048576K
}
Event: 16.631 GC heap before
{Heap before GC invocations=153 (full 3):
 PSYoungGen      total 6144K, used 5855K [0x00000000eab00000, 0x00000000eb280000, 0x0000000100000000)
  eden space 4608K, 100% used [0x00000000eab00000,0x00000000eaf80000,0x00000000eaf80000)
  from space 1536K, 81% used [0x00000000eaf80000,0x00000000eb0b7fb8,0x00000000eb100000)
  to   space 1536K, 0% used [0x00000000eb100000,0x00000000eb100000,0x00000000eb280000)
 ParOldGen       total 206336K, used 205853K [0x00000000c0000000, 0x00000000cc980000, 0x00000000eab00000)
  object space 206336K, 99% used [0x00000000c0000000,0x00000000cc907448,0x00000000cc980000)
 Metaspace       used 60277K, committed 61632K, reserved 1114112K
  class space    used 6210K, committed 6784K, reserved 1048576K
}

